<?xml version="1.0" encoding="UTF-8"?>
<!-- Generated by org.testng.reporters.JUnitReportReporter -->
<testsuite hostname="DESKTOP-0KJNDMH" name="org.base.Testing2" tests="2" failures="0" timestamp="11 Apr 2022 10:19:01 GMT" time="20.825" errors="0">
  <testcase name="tc01" time="10.829" classname="org.base.Testing2"/>
  <testcase name="tc01" time="9.996" classname="org.base.Testing2"/>
</testsuite> <!-- org.base.Testing2 -->
