<?xml version="1.0" encoding="UTF-8"?>
<!-- Generated by org.testng.reporters.JUnitReportReporter -->
<testsuite hostname="DESKTOP-0KJNDMH" name="org.base.DataDriven" tests="1" failures="0" timestamp="16 Apr 2022 06:11:06 GMT" time="26.603" errors="0">
  <testcase name="tc01" time="26.603" classname="org.base.DataDriven"/>
</testsuite> <!-- org.base.DataDriven -->
