<?xml version="1.0" encoding="UTF-8"?>
<!-- Generated by org.testng.reporters.JUnitReportReporter -->
<testsuite hostname="DESKTOP-0KJNDMH" name="org.base.Testing" tests="2" failures="0" timestamp="11 Apr 2022 10:19:01 GMT" time="15.020" errors="0">
  <testcase name="tc01" time="6.917" classname="org.base.Testing"/>
  <testcase name="tc01" time="8.103" classname="org.base.Testing"/>
</testsuite> <!-- org.base.Testing -->
