<?xml version="1.0" encoding="UTF-8"?>
<!-- Generated by org.testng.reporters.JUnitReportReporter -->
<testsuite hostname="DESKTOP-0KJNDMH" name="org.base.Testing5" tests="4" failures="0" timestamp="12 Apr 2022 05:40:07 GMT" time="264.473" errors="0">
  <testcase name="tc01" time="122.976" classname="org.base.Testing5"/>
  <testcase name="tc01" time="57.033" classname="org.base.Testing5"/>
  <testcase name="tc01" time="40.741" classname="org.base.Testing5"/>
  <testcase name="tc01" time="43.723" classname="org.base.Testing5"/>
</testsuite> <!-- org.base.Testing5 -->
